<?xml version="1.0" encoding="UTF-8"?>
<testng-results skipped="0" failed="0" ignored="0" total="1" passed="1">
  <reporter-output>
  </reporter-output>
  <suite name="Default suite" duration-ms="20745" started-at="2022-09-15T13:10:15Z" finished-at="2022-09-15T13:10:36Z">
    <groups>
    </groups>
    <test name="Default test" duration-ms="20745" started-at="2022-09-15T13:10:15Z" finished-at="2022-09-15T13:10:36Z">
      <class name="org.testng.HandlingFrames">
        <test-method status="PASS" signature="main()[pri:0, instance:org.testng.HandlingFrames@6767c1fc]" name="main" duration-ms="20703" started-at="2022-09-15T13:10:16Z" finished-at="2022-09-15T13:10:36Z">
          <reporter-output>
          </reporter-output>
        </test-method> <!-- main -->
      </class> <!-- org.testng.HandlingFrames -->
    </test> <!-- Default test -->
  </suite> <!-- Default suite -->
</testng-results>
